-------------------------------------------------------------------------------
Test set: TestSuite
-------------------------------------------------------------------------------
Tests run: 1, Failures: 1, Errors: 0, Skipped: 0, Time elapsed: 4.276 s <<< FAILURE! - in TestSuite
runScenario(com.web.app.test.login.Runner)  Time elapsed: 3.588 s  <<< FAILURE!
java.lang.NullPointerException: Cannot invoke "org.openqa.selenium.WebDriver.navigate()" because "driver" is null

